#
# A fatal error has been detected by the Java Runtime Environment:
#
#  SIGSEGV (0xb) at pc=0x00000001021a9086, pid=99474, tid=0x0000000000001c03
#
# JRE version: Java(TM) SE Runtime Environment (8.0_92-b14) (build 1.8.0_92-b14)
# Java VM: Java HotSpot(TM) 64-Bit Server VM (25.92-b14 mixed mode bsd-amd64 compressed oops)
# Problematic frame:
# V  [libjvm.dylib+0x3cb086]  LinkResolver::resolve_invokevirtual(CallInfo&, Handle, constantPoolHandle, int, Thread*)+0x100
#
# Failed to write core dump. Core dumps have been disabled. To enable core dumping, try "ulimit -c unlimited" before starting Java again
#
# If you would like to submit a bug report, please visit:
#   http://bugreport.java.com/bugreport/crash.jsp
#

---------------  T H R E A D  ---------------

Current thread (0x00007fdcf7006000):  JavaThread "main" [_thread_in_vm, id=7171, stack(0x0000700007edd000,0x0000700007fdd000)]

siginfo: si_signo: 11 (SIGSEGV), si_code: 1 (SEGV_MAPERR), si_addr: 0x0000000000000009

Registers:
RAX=0x0000000000000001, RBX=0x00000001088b70a0, RCX=0x0000000000000003, RDX=0x00007fdcf6534600
RSP=0x0000700007fdc510, RBP=0x0000700007fdc590, RSI=0x0000000102613a30, RDI=0x00007fdcf6503a00
R8 =0x0000000000000000, R9 =0x00007fdcf642bfd0, R10=0x00000001026d76c0, R11=0x000000011153d400
R12=0x00007fdcf65047e0, R13=0x0000700007fdc6d8, R14=0x00007fdcf7006000, R15=0x0000000000000003
RIP=0x00000001021a9086, EFLAGS=0x0000000000010202, ERR=0x0000000000000004
  TRAPNO=0x000000000000000e

Top of Stack: (sp=0x0000700007fdc510)
0x0000700007fdc510:   00007fdcf7006000 000000010855ebc8
0x0000700007fdc520:   00007fdcf7006000 0000000700000000
0x0000700007fdc530:   00000007c0060028 0000000108ce32e0
0x0000700007fdc540:   0000000108ce17b0 00000007c00278f8
0x0000700007fdc550:   00000001088b70a0 00007fdcf7006000
0x0000700007fdc560:   00000001088b70a0 00007fdcf65047e0
0x0000700007fdc570:   0000700007fdc6d8 00000001088b70a0
0x0000700007fdc580:   00007fdcf7006000 0000000000000003
0x0000700007fdc590:   0000700007fdc660 00000001021aabad
0x0000700007fdc5a0:   0000700007fdc618 0000700007fdc618
0x0000700007fdc5b0:   0000700007fdc5d0 0000000101fd075c
0x0000700007fdc5c0:   00007fdcf7006000 00000001088b70a0
0x0000700007fdc5d0:   00007fdcf7006000 00000001020c738c
0x0000700007fdc5e0:   0000000000000000 0000700007fdc8d0
0x0000700007fdc5f0:   000000011145a023 000000011142e5d0
0x0000700007fdc600:   0000700000000000 0000700007fdc928
0x0000700007fdc610:   0000700007fdc8d0 0000700007fdc8d0
0x0000700007fdc620:   000000011145a023 000000011142e5d0
0x0000700007fdc630:   00000001088b70a0 00007fdcf7006000
0x0000700007fdc640:   0000700007fdc740 00000001088b75b9
0x0000700007fdc650:   00000001088b70a0 0000000000000003
0x0000700007fdc660:   0000700007fdc8b0 00000001020c50e1
0x0000700007fdc670:   00000001088dd210 0000700007fdc6e8
0x0000700007fdc680:   00007fdcf65047e0 000000b600000001
0x0000700007fdc690:   00000001088b75b9 00000001000000b6
0x0000700007fdc6a0:   00000001088b75f8 00007fdcf7006000
0x0000700007fdc6b0:   00007fdcf65047a0 00007fdcf65040a0
0x0000700007fdc6c0:   00007fdcf65040b0 00007fdcf6504488
0x0000700007fdc6d0:   00000000000003d8 0000000000000000
0x0000700007fdc6e0:   0000000000000000 0000000000000000
0x0000700007fdc6f0:   0000000000000000 0000000000000000
0x0000700007fdc700:   0000000000000000 00000001088dd628 

Instructions: (pc=0x00000001021a9086)
0x00000001021a9066:   75 04 31 d2 eb 29 48 8d 05 51 3c 51 00 80 38 00
0x00000001021a9076:   49 8b 04 24 74 15 48 8d 35 ad a9 46 00 8a 4e 08
0x00000001021a9086:   8b 50 08 48 d3 e2 48 03 16 eb 04 48 8b 50 08 48
0x00000001021a9096:   8b 4d b8 4c 8b 45 b0 4c 8b 4d a8 4c 89 74 24 18 

Register to memory mapping:

RAX=0x0000000000000001 is an unknown value
RBX=0x00000001088b70a0 is pointing into metadata
RCX=0x0000000000000003 is an unknown value
RDX=0x00007fdcf6534600 is an unknown value
RSP=0x0000700007fdc510 is pointing into the stack for thread: 0x00007fdcf7006000
RBP=0x0000700007fdc590 is pointing into the stack for thread: 0x00007fdcf7006000
RSI=0x0000000102613a30: _ZN8Universe13_narrow_klassE+0 in /Library/Java/JavaVirtualMachines/jdk1.8.0_92.jdk/Contents/Home/jre/lib/server/libjvm.dylib at 0x0000000101dde000
RDI=0x00007fdcf6503a00 is an unknown value
R8 =0x0000000000000000 is an unknown value
R9 =0x00007fdcf642bfd0 is an unknown value
R10=0x00000001026d76c0: _ZN19TemplateInterpreter13_active_tableE+0x4800 in /Library/Java/JavaVirtualMachines/jdk1.8.0_92.jdk/Contents/Home/jre/lib/server/libjvm.dylib at 0x0000000101dde000
R11=0x000000011153d400 is at entry_point+0 in (nmethod*)0x000000011153d290
R12=0x00007fdcf65047e0 is an unknown value
R13=0x0000700007fdc6d8 is pointing into the stack for thread: 0x00007fdcf7006000
R14=0x00007fdcf7006000 is a thread
R15=0x0000000000000003 is an unknown value


Stack: [0x0000700007edd000,0x0000700007fdd000],  sp=0x0000700007fdc510,  free space=1021k
Native frames: (J=compiled Java code, j=interpreted, Vv=VM code, C=native code)
V  [libjvm.dylib+0x3cb086]  LinkResolver::resolve_invokevirtual(CallInfo&, Handle, constantPoolHandle, int, Thread*)+0x100
V  [libjvm.dylib+0x3ccbad]  LinkResolver::resolve_invoke(CallInfo&, Handle, constantPoolHandle, int, Bytecodes::Code, Thread*)+0x205
V  [libjvm.dylib+0x2e70e1]  InterpreterRuntime::resolve_invoke(JavaThread*, Bytecodes::Code)+0x371
j  prep.interview.geeks.ds.heap.MedianInAStream.main([Ljava/lang/String;)V+65
v  ~StubRoutines::call_stub
V  [libjvm.dylib+0x2ecc9a]  JavaCalls::call_helper(JavaValue*, methodHandle*, JavaCallArguments*, Thread*)+0x6ae
V  [libjvm.dylib+0x323b0e]  jni_invoke_static(JNIEnv_*, JavaValue*, _jobject*, JNICallType, _jmethodID*, JNI_ArgumentPusher*, Thread*)+0x1bf
V  [libjvm.dylib+0x31c885]  jni_CallStaticVoidMethod+0x15d
C  [java+0x3931]  JavaMain+0x9c4
C  [libsystem_pthread.dylib+0x393b]  _pthread_body+0xb4
C  [libsystem_pthread.dylib+0x3887]  _pthread_body+0x0
C  [libsystem_pthread.dylib+0x308d]  thread_start+0xd
C  0x0000000000000000

Java frames: (J=compiled Java code, j=interpreted, Vv=VM code)
j  prep.interview.geeks.ds.heap.MedianInAStream.main([Ljava/lang/String;)V+65
v  ~StubRoutines::call_stub

---------------  P R O C E S S  ---------------

Java Threads: ( => current thread )
  0x00007fdcf7047000 JavaThread "Service Thread" daemon [_thread_blocked, id=20227, stack(0x0000700008e0a000,0x0000700008f0a000)]
  0x00007fdcf782f800 JavaThread "C1 CompilerThread2" daemon [_thread_blocked, id=19715, stack(0x0000700008d07000,0x0000700008e07000)]
  0x00007fdcf782f000 JavaThread "C2 CompilerThread1" daemon [_thread_blocked, id=19203, stack(0x0000700008c04000,0x0000700008d04000)]
  0x00007fdcf6829800 JavaThread "C2 CompilerThread0" daemon [_thread_blocked, id=18691, stack(0x0000700008b01000,0x0000700008c01000)]
  0x00007fdcf7800800 JavaThread "JDWP Event Helper Thread" daemon [_thread_blocked, id=17667, stack(0x00007000088fb000,0x00007000089fb000)]
  0x00007fdcf6803800 JavaThread "Signal Dispatcher" daemon [_thread_blocked, id=16643, stack(0x00007000086f5000,0x00007000087f5000)]
  0x00007fdcf782b000 JavaThread "Finalizer" daemon [_thread_blocked, id=12547, stack(0x00007000085f2000,0x00007000086f2000)]
  0x00007fdcf7828800 JavaThread "Reference Handler" daemon [_thread_blocked, id=12035, stack(0x00007000084ef000,0x00007000085ef000)]
=>0x00007fdcf7006000 JavaThread "main" [_thread_in_vm, id=7171, stack(0x0000700007edd000,0x0000700007fdd000)]

Other Threads:
  0x00007fdcf8008000 VMThread [stack: 0x00007000083ec000,0x00007000084ec000] [id=11523]
  0x00007fdcf682a800 WatcherThread [stack: 0x0000700008f0d000,0x000070000900d000] [id=20739]

VM state:not at safepoint (normal execution)

VM Mutex/Monitor currently owned by a thread: None

Heap:
 PSYoungGen      total 38400K, used 3994K [0x0000000795580000, 0x0000000798000000, 0x00000007c0000000)
  eden space 33280K, 12% used [0x0000000795580000,0x0000000795966a90,0x0000000797600000)
  from space 5120K, 0% used [0x0000000797b00000,0x0000000797b00000,0x0000000798000000)
  to   space 5120K, 0% used [0x0000000797600000,0x0000000797600000,0x0000000797b00000)
 ParOldGen       total 87552K, used 0K [0x0000000740000000, 0x0000000745580000, 0x0000000795580000)
  object space 87552K, 0% used [0x0000000740000000,0x0000000740000000,0x0000000745580000)
 Metaspace       used 3717K, capacity 4720K, committed 4864K, reserved 1056768K
  class space    used 408K, capacity 466K, committed 512K, reserved 1048576K

Card table byte_map: [0x0000000103a0b000,0x0000000103e0c000] byte_map_base: 0x000000010000b000

Marking Bits: (ParMarkBitMap*) 0x00000001026c6bd0
 Begin Bits: [0x00000001040b7000, 0x00000001060b7000)
 End Bits:   [0x00000001060b7000, 0x00000001080b7000)

Polling page: 0x0000000102db8000

CodeCache: size=245760Kb used=1537Kb max_used=1547Kb free=244222Kb
 bounds [0x0000000111429000, 0x0000000111699000, 0x0000000120429000]
 total_blobs=497 nmethods=252 adapters=167
 compilation: enabled

Compilation events (10 events):
Event: 0.486 Thread 0x00007fdcf782f800 nmethod 249 0x00000001115a7510 code [0x00000001115a7680, 0x00000001115a7850]
Event: 0.486 Thread 0x00007fdcf782f800  250       3       java.lang.String::substring (56 bytes)
Event: 0.487 Thread 0x00007fdcf782f800 nmethod 250 0x00000001115a7b50 code [0x00000001115a7d00, 0x00000001115a80e8]
Event: 0.487 Thread 0x00007fdcf782f800  248       3       jdk.internal.org.objectweb.asm.ByteVector::<init> (13 bytes)
Event: 0.487 Thread 0x00007fdcf782f800 nmethod 248 0x00000001115a82d0 code [0x00000001115a8440, 0x00000001115a8690]
Event: 0.487 Thread 0x00007fdcf782f800  251       3       jdk.internal.org.objectweb.asm.ByteVector::putByteArray (49 bytes)
Event: 0.487 Thread 0x00007fdcf782f800 nmethod 251 0x00000001115a8750 code [0x00000001115a88e0, 0x00000001115a8c18]
Event: 0.489 Thread 0x00007fdcf782f000 nmethod 247 0x00000001115abc50 code [0x00000001115abdc0, 0x00000001115ac0f8]
Event: 0.490 Thread 0x00007fdcf782f800  252       3       jdk.internal.org.objectweb.asm.ByteVector::enlarge (51 bytes)
Event: 0.490 Thread 0x00007fdcf782f800 nmethod 252 0x00000001115ab6d0 code [0x00000001115ab840, 0x00000001115abb68]

GC Heap History (0 events):
No events

Deoptimization events (0 events):
No events

Internal exceptions (4 events):
Event: 0.047 Thread 0x00007fdcf7006000 Exception <a 'java/lang/NoSuchMethodError': Method sun.misc.Unsafe.defineClass(Ljava/lang/String;[BII)Ljava/lang/Class; name or signature does not match> (0x0000000795587cc0) thrown at [/Users/java_re/workspace/8-2-build-macosx-x86_64/jdk8u92/6642/hotspot
Event: 0.047 Thread 0x00007fdcf7006000 Exception <a 'java/lang/NoSuchMethodError': Method sun.misc.Unsafe.prefetchRead(Ljava/lang/Object;J)V name or signature does not match> (0x0000000795587fa8) thrown at [/Users/java_re/workspace/8-2-build-macosx-x86_64/jdk8u92/6642/hotspot/src/share/vm/prim
Event: 0.437 Thread 0x00007fdcf7006000 Exception <a 'java/lang/NoSuchFieldError': method resolution failed> (0x0000000795851530) thrown at [/Users/java_re/workspace/8-2-build-macosx-x86_64/jdk8u92/6642/hotspot/src/share/vm/prims/methodHandles.cpp, line 1146]
Event: 0.448 Thread 0x00007fdcf7006000 Exception <a 'java/lang/NoSuchFieldError': method resolution failed> (0x000000079585e930) thrown at [/Users/java_re/workspace/8-2-build-macosx-x86_64/jdk8u92/6642/hotspot/src/share/vm/prims/methodHandles.cpp, line 1146]

Events (10 events):
Event: 57521.650 Executing VM operation: ChangeBreakpoints
Event: 57521.653 Executing VM operation: ChangeBreakpoints done
Event: 57521.653 Executing VM operation: ChangeBreakpoints
Event: 57521.654 Executing VM operation: ChangeBreakpoints done
Event: 57521.654 Executing VM operation: ChangeBreakpoints
Event: 57521.654 Executing VM operation: ChangeBreakpoints done
Event: 57521.654 Executing VM operation: ChangeBreakpoints
Event: 57521.654 Executing VM operation: ChangeBreakpoints done
Event: 57521.655 Thread 0x00007fdcf782c800 Thread exited: 0x00007fdcf782c800
Event: 57521.658 Thread 0x00007fdcf7051800 Thread exited: 0x00007fdcf7051800


Dynamic libraries:
0x000000000e22b000 	/System/Library/Frameworks/Cocoa.framework/Versions/A/Cocoa
0x000000000e22b000 	/System/Library/Frameworks/Security.framework/Versions/A/Security
0x000000000e22b000 	/System/Library/Frameworks/ApplicationServices.framework/Versions/A/ApplicationServices
0x000000000e22b000 	/usr/lib/libz.1.dylib
0x000000000e22b000 	/usr/lib/libSystem.B.dylib
0x000000000e22b000 	/usr/lib/libobjc.A.dylib
0x000000000e22b000 	/System/Library/Frameworks/CoreFoundation.framework/Versions/A/CoreFoundation
0x000000000e22b000 	/System/Library/Frameworks/Foundation.framework/Versions/C/Foundation
0x000000000e22b000 	/System/Library/Frameworks/AppKit.framework/Versions/C/AppKit
0x000000000e22b000 	/System/Library/Frameworks/CoreData.framework/Versions/A/CoreData
0x000000000e22b000 	/System/Library/PrivateFrameworks/RemoteViewServices.framework/Versions/A/RemoteViewServices
0x000000000e22b000 	/System/Library/PrivateFrameworks/UIFoundation.framework/Versions/A/UIFoundation
0x000000000e22b000 	/System/Library/PrivateFrameworks/DFRFoundation.framework/Versions/A/DFRFoundation
0x000000000e22b000 	/usr/lib/libenergytrace.dylib
0x000000000e22b000 	/System/Library/PrivateFrameworks/SkyLight.framework/Versions/A/SkyLight
0x000000000e22b000 	/System/Library/Frameworks/CoreGraphics.framework/Versions/A/CoreGraphics
0x000000000e22b000 	/usr/lib/libScreenReader.dylib
0x000000000e22b000 	/System/Library/Frameworks/Accelerate.framework/Versions/A/Accelerate
0x000000000e22b000 	/System/Library/Frameworks/IOSurface.framework/Versions/A/IOSurface
0x000000000e22b000 	/System/Library/Frameworks/AudioToolbox.framework/Versions/A/AudioToolbox
0x000000000e22b000 	/System/Library/Frameworks/AudioUnit.framework/Versions/A/AudioUnit
0x000000000e22b000 	/System/Library/PrivateFrameworks/DataDetectorsCore.framework/Versions/A/DataDetectorsCore
0x000000000e22b000 	/System/Library/PrivateFrameworks/DesktopServicesPriv.framework/Versions/A/DesktopServicesPriv
0x000000000e22b000 	/System/Library/Frameworks/Carbon.framework/Versions/A/Frameworks/HIToolbox.framework/Versions/A/HIToolbox
0x000000000e22b000 	/usr/lib/libicucore.A.dylib
0x000000000e22b000 	/System/Library/Frameworks/QuartzCore.framework/Versions/A/QuartzCore
0x000000000e22b000 	/System/Library/Frameworks/Carbon.framework/Versions/A/Frameworks/SpeechRecognition.framework/Versions/A/SpeechRecognition
0x000000000e22b000 	/usr/lib/libauto.dylib
0x000000000e22b000 	/usr/lib/libxml2.2.dylib
0x000000000e22b000 	/System/Library/PrivateFrameworks/CoreUI.framework/Versions/A/CoreUI
0x000000000e22b000 	/System/Library/Frameworks/CoreAudio.framework/Versions/A/CoreAudio
0x000000000e22b000 	/System/Library/Frameworks/DiskArbitration.framework/Versions/A/DiskArbitration
0x000000000e22b000 	/usr/lib/liblangid.dylib
0x000000000e22b000 	/System/Library/PrivateFrameworks/MultitouchSupport.framework/Versions/A/MultitouchSupport
0x000000000e22b000 	/System/Library/Frameworks/IOKit.framework/Versions/A/IOKit
0x000000000e22b000 	/usr/lib/libDiagnosticMessagesClient.dylib
0x000000000e22b000 	/System/Library/Frameworks/CoreServices.framework/Versions/A/CoreServices
0x000000000e22b000 	/System/Library/PrivateFrameworks/PerformanceAnalysis.framework/Versions/A/PerformanceAnalysis
0x000000000e22b000 	/System/Library/PrivateFrameworks/GenerationalStorage.framework/Versions/A/GenerationalStorage
0x000000000e22b000 	/System/Library/Frameworks/OpenGL.framework/Versions/A/OpenGL
0x000000000e22b000 	/System/Library/Frameworks/CoreImage.framework/Versions/A/CoreImage
0x000000000e22b000 	/System/Library/Frameworks/CoreText.framework/Versions/A/CoreText
0x000000000e22b000 	/System/Library/Frameworks/ImageIO.framework/Versions/A/ImageIO
0x000000000e22b000 	/System/Library/PrivateFrameworks/Backup.framework/Versions/A/Backup
0x000000000e22b000 	/usr/lib/libarchive.2.dylib
0x000000000e22b000 	/System/Library/Frameworks/CFNetwork.framework/Versions/A/CFNetwork
0x000000000e22b000 	/System/Library/Frameworks/SystemConfiguration.framework/Versions/A/SystemConfiguration
0x000000000e22b000 	/usr/lib/libCRFSuite.dylib
0x000000000e22b000 	/usr/lib/libc++.1.dylib
0x000000000e22b000 	/usr/lib/libc++abi.dylib
0x000000000e22b000 	/usr/lib/system/libcache.dylib
0x000000000e22b000 	/usr/lib/system/libcommonCrypto.dylib
0x000000000e22b000 	/usr/lib/system/libcompiler_rt.dylib
0x000000000e22b000 	/usr/lib/system/libcopyfile.dylib
0x000000000e22b000 	/usr/lib/system/libcorecrypto.dylib
0x000000000e22b000 	/usr/lib/system/libdispatch.dylib
0x000000000e22b000 	/usr/lib/system/libdyld.dylib
0x000000000e22b000 	/usr/lib/system/libkeymgr.dylib
0x000000000e22b000 	/usr/lib/system/liblaunch.dylib
0x000000000e22b000 	/usr/lib/system/libmacho.dylib
0x000000000e22b000 	/usr/lib/system/libquarantine.dylib
0x000000000e22b000 	/usr/lib/system/libremovefile.dylib
0x000000000e22b000 	/usr/lib/system/libsystem_asl.dylib
0x000000000e22b000 	/usr/lib/system/libsystem_blocks.dylib
0x000000000e22b000 	/usr/lib/system/libsystem_c.dylib
0x000000000e22b000 	/usr/lib/system/libsystem_configuration.dylib
0x000000000e22b000 	/usr/lib/system/libsystem_coreservices.dylib
0x000000000e22b000 	/usr/lib/system/libsystem_coretls.dylib
0x000000000e22b000 	/usr/lib/system/libsystem_dnssd.dylib
0x000000000e22b000 	/usr/lib/system/libsystem_info.dylib
0x000000000e22b000 	/usr/lib/system/libsystem_kernel.dylib
0x000000000e22b000 	/usr/lib/system/libsystem_m.dylib
0x000000000e22b000 	/usr/lib/system/libsystem_malloc.dylib
0x000000000e22b000 	/usr/lib/system/libsystem_network.dylib
0x000000000e22b000 	/usr/lib/system/libsystem_networkextension.dylib
0x000000000e22b000 	/usr/lib/system/libsystem_notify.dylib
0x000000000e22b000 	/usr/lib/system/libsystem_platform.dylib
0x000000000e22b000 	/usr/lib/system/libsystem_pthread.dylib
0x000000000e22b000 	/usr/lib/system/libsystem_sandbox.dylib
0x000000000e22b000 	/usr/lib/system/libsystem_secinit.dylib
0x000000000e22b000 	/usr/lib/system/libsystem_symptoms.dylib
0x000000000e22b000 	/usr/lib/system/libsystem_trace.dylib
0x000000000e22b000 	/usr/lib/system/libunwind.dylib
0x000000000e22b000 	/usr/lib/system/libxpc.dylib
0x000000000e22b000 	/usr/lib/libbsm.0.dylib
0x000000000e22b000 	/usr/lib/system/libkxld.dylib
0x000000000e22b000 	/usr/lib/libcoretls.dylib
0x000000000e22b000 	/usr/lib/libcoretls_cfhelpers.dylib
0x000000000e22b000 	/usr/lib/libOpenScriptingUtil.dylib
0x000000000e22b000 	/usr/lib/libpam.2.dylib
0x000000000e22b000 	/usr/lib/libsqlite3.dylib
0x000000000e22b000 	/usr/lib/libxar.1.dylib
0x000000000e22b000 	/usr/lib/libbz2.1.0.dylib
0x000000000e22b000 	/usr/lib/liblzma.5.dylib
0x000000000e22b000 	/usr/lib/libnetwork.dylib
0x000000000e22b000 	/usr/lib/libpcap.A.dylib
0x000000000e22b000 	/System/Library/Frameworks/CoreServices.framework/Versions/A/Frameworks/FSEvents.framework/Versions/A/FSEvents
0x000000000e22b000 	/System/Library/Frameworks/CoreServices.framework/Versions/A/Frameworks/CarbonCore.framework/Versions/A/CarbonCore
0x000000000e22b000 	/System/Library/Frameworks/CoreServices.framework/Versions/A/Frameworks/Metadata.framework/Versions/A/Metadata
0x000000000e22b000 	/System/Library/Frameworks/CoreServices.framework/Versions/A/Frameworks/OSServices.framework/Versions/A/OSServices
0x000000000e22b000 	/System/Library/Frameworks/CoreServices.framework/Versions/A/Frameworks/SearchKit.framework/Versions/A/SearchKit
0x000000000e22b000 	/System/Library/Frameworks/CoreServices.framework/Versions/A/Frameworks/AE.framework/Versions/A/AE
0x000000000e22b000 	/System/Library/Frameworks/CoreServices.framework/Versions/A/Frameworks/LaunchServices.framework/Versions/A/LaunchServices
0x000000000e22b000 	/System/Library/Frameworks/CoreServices.framework/Versions/A/Frameworks/DictionaryServices.framework/Versions/A/DictionaryServices
0x000000000e22b000 	/System/Library/Frameworks/CoreServices.framework/Versions/A/Frameworks/SharedFileList.framework/Versions/A/SharedFileList
0x000000000e22b000 	/System/Library/Frameworks/NetFS.framework/Versions/A/NetFS
0x000000000e22b000 	/System/Library/PrivateFrameworks/NetAuth.framework/Versions/A/NetAuth
0x000000000e22b000 	/System/Library/PrivateFrameworks/login.framework/Versions/A/Frameworks/loginsupport.framework/Versions/A/loginsupport
0x000000000e22b000 	/System/Library/PrivateFrameworks/TCC.framework/Versions/A/TCC
0x000000000e22b000 	/usr/lib/libmecabra.dylib
0x000000000e22b000 	/System/Library/Frameworks/ApplicationServices.framework/Versions/A/Frameworks/ATS.framework/Versions/A/ATS
0x000000000e22b000 	/System/Library/Frameworks/ApplicationServices.framework/Versions/A/Frameworks/ColorSync.framework/Versions/A/ColorSync
0x000000000e22b000 	/System/Library/Frameworks/ApplicationServices.framework/Versions/A/Frameworks/HIServices.framework/Versions/A/HIServices
0x000000000e22b000 	/System/Library/Frameworks/ApplicationServices.framework/Versions/A/Frameworks/LangAnalysis.framework/Versions/A/LangAnalysis
0x000000000e22b000 	/System/Library/Frameworks/ApplicationServices.framework/Versions/A/Frameworks/PrintCore.framework/Versions/A/PrintCore
0x000000000e22b000 	/System/Library/Frameworks/ApplicationServices.framework/Versions/A/Frameworks/QD.framework/Versions/A/QD
0x000000000e22b000 	/System/Library/Frameworks/ApplicationServices.framework/Versions/A/Frameworks/SpeechSynthesis.framework/Versions/A/SpeechSynthesis
0x000000000e22b000 	/System/Library/Frameworks/Accelerate.framework/Versions/A/Frameworks/vImage.framework/Versions/A/vImage
0x000000000e22b000 	/System/Library/Frameworks/Accelerate.framework/Versions/A/Frameworks/vecLib.framework/Versions/A/vecLib
0x000000000e22b000 	/System/Library/Frameworks/Accelerate.framework/Versions/A/Frameworks/vecLib.framework/Versions/A/libvDSP.dylib
0x000000000e22b000 	/System/Library/Frameworks/Accelerate.framework/Versions/A/Frameworks/vecLib.framework/Versions/A/libBNNS.dylib
0x000000000e22b000 	/System/Library/Frameworks/Accelerate.framework/Versions/A/Frameworks/vecLib.framework/Versions/A/libQuadrature.dylib
0x000000000e22b000 	/System/Library/Frameworks/Accelerate.framework/Versions/A/Frameworks/vecLib.framework/Versions/A/libvMisc.dylib
0x000000000e22b000 	/System/Library/Frameworks/Accelerate.framework/Versions/A/Frameworks/vecLib.framework/Versions/A/libLAPACK.dylib
0x000000000e22b000 	/System/Library/Frameworks/Accelerate.framework/Versions/A/Frameworks/vecLib.framework/Versions/A/libBLAS.dylib
0x000000000e22b000 	/System/Library/Frameworks/Accelerate.framework/Versions/A/Frameworks/vecLib.framework/Versions/A/libLinearAlgebra.dylib
0x000000000e22b000 	/System/Library/Frameworks/Accelerate.framework/Versions/A/Frameworks/vecLib.framework/Versions/A/libSparseBLAS.dylib
0x000000000e22b000 	/System/Library/Frameworks/ApplicationServices.framework/Versions/A/Frameworks/ATS.framework/Versions/A/Resources/libFontParser.dylib
0x000000000e22b000 	/System/Library/Frameworks/ApplicationServices.framework/Versions/A/Frameworks/ATS.framework/Versions/A/Resources/libFontRegistry.dylib
0x000000000e22b000 	/System/Library/Frameworks/ImageIO.framework/Versions/A/Resources/libJPEG.dylib
0x000000000e22b000 	/System/Library/Frameworks/ImageIO.framework/Versions/A/Resources/libTIFF.dylib
0x000000000e22b000 	/System/Library/Frameworks/ImageIO.framework/Versions/A/Resources/libPng.dylib
0x000000000e22b000 	/System/Library/Frameworks/ImageIO.framework/Versions/A/Resources/libGIF.dylib
0x000000000e22b000 	/System/Library/Frameworks/ImageIO.framework/Versions/A/Resources/libJP2.dylib
0x000000000e22b000 	/System/Library/Frameworks/ImageIO.framework/Versions/A/Resources/libRadiance.dylib
0x000000000e22b000 	/usr/lib/libcompression.dylib
0x000000000e22b000 	/System/Library/PrivateFrameworks/AppleJPEG.framework/Versions/A/AppleJPEG
0x000000000e22b000 	/usr/lib/libcups.2.dylib
0x000000000e22b000 	/System/Library/Frameworks/Kerberos.framework/Versions/A/Kerberos
0x000000000e22b000 	/System/Library/Frameworks/GSS.framework/Versions/A/GSS
0x000000000e22b000 	/usr/lib/libresolv.9.dylib
0x000000000e22b000 	/usr/lib/libiconv.2.dylib
0x000000000e22b000 	/System/Library/PrivateFrameworks/Heimdal.framework/Versions/A/Heimdal
0x000000000e22b000 	/usr/lib/libheimdal-asn1.dylib
0x000000000e22b000 	/System/Library/Frameworks/OpenDirectory.framework/Versions/A/OpenDirectory
0x000000000e22b000 	/System/Library/PrivateFrameworks/CommonAuth.framework/Versions/A/CommonAuth
0x000000000e22b000 	/System/Library/Frameworks/OpenDirectory.framework/Versions/A/Frameworks/CFOpenDirectory.framework/Versions/A/CFOpenDirectory
0x000000000e22b000 	/System/Library/Frameworks/SecurityFoundation.framework/Versions/A/SecurityFoundation
0x000000000e22b000 	/System/Library/PrivateFrameworks/LanguageModeling.framework/Versions/A/LanguageModeling
0x000000000e22b000 	/usr/lib/libmarisa.dylib
0x000000000e22b000 	/usr/lib/libChineseTokenizer.dylib
0x000000000e22b000 	/usr/lib/libcmph.dylib
0x000000000e22b000 	/System/Library/PrivateFrameworks/CoreEmoji.framework/Versions/A/CoreEmoji
0x000000000e22b000 	/System/Library/Frameworks/ServiceManagement.framework/Versions/A/ServiceManagement
0x000000000e22b000 	/usr/lib/libxslt.1.dylib
0x000000000e22b000 	/System/Library/Frameworks/Carbon.framework/Versions/A/Frameworks/Ink.framework/Versions/A/Ink
0x000000000e22b000 	/System/Library/PrivateFrameworks/TextureIO.framework/Versions/A/TextureIO
0x000000000e22b000 	/System/Library/Frameworks/Metal.framework/Versions/A/Metal
0x000000000e22b000 	/usr/lib/libate.dylib
0x000000000e22b000 	/System/Library/PrivateFrameworks/GPUCompiler.framework/libmetal_timestamp.dylib
0x000000000e22b000 	/System/Library/Frameworks/OpenGL.framework/Versions/A/Libraries/libCoreFSCache.dylib
0x000000000e22b000 	/System/Library/PrivateFrameworks/IOAccelerator.framework/Versions/A/IOAccelerator
0x000000000e22b000 	/System/Library/Frameworks/CoreVideo.framework/Versions/A/CoreVideo
0x000000000e22b000 	/usr/lib/libFosl_dynamic.dylib
0x000000000e22b000 	/System/Library/PrivateFrameworks/MetalPerformanceShaders.framework/Versions/A/MetalPerformanceShaders
0x000000000e22b000 	/System/Library/PrivateFrameworks/FaceCore.framework/Versions/A/FaceCore
0x000000000e22b000 	/System/Library/Frameworks/OpenCL.framework/Versions/A/OpenCL
0x000000000e22b000 	/System/Library/Frameworks/OpenGL.framework/Versions/A/Libraries/libGLU.dylib
0x000000000e22b000 	/System/Library/Frameworks/OpenGL.framework/Versions/A/Libraries/libGFXShared.dylib
0x000000000e22b000 	/System/Library/Frameworks/OpenGL.framework/Versions/A/Libraries/libGL.dylib
0x000000000e22b000 	/System/Library/Frameworks/OpenGL.framework/Versions/A/Libraries/libGLImage.dylib
0x000000000e22b000 	/System/Library/Frameworks/OpenGL.framework/Versions/A/Libraries/libCVMSPluginSupport.dylib
0x000000000e22b000 	/System/Library/Frameworks/OpenGL.framework/Versions/A/Libraries/libCoreVMClient.dylib
0x000000000e22b000 	/System/Library/PrivateFrameworks/CrashReporterSupport.framework/Versions/A/CrashReporterSupport
0x000000000e22b000 	/System/Library/PrivateFrameworks/Sharing.framework/Versions/A/Sharing
0x000000000e22b000 	/System/Library/PrivateFrameworks/IconServices.framework/Versions/A/IconServices
0x000000000e22b000 	/System/Library/PrivateFrameworks/ProtocolBuffer.framework/Versions/A/ProtocolBuffer
0x000000000e22b000 	/System/Library/PrivateFrameworks/Apple80211.framework/Versions/A/Apple80211
0x000000000e22b000 	/System/Library/Frameworks/CoreWLAN.framework/Versions/A/CoreWLAN
0x000000000e22b000 	/System/Library/PrivateFrameworks/CoreUtils.framework/Versions/A/CoreUtils
0x000000000e22b000 	/System/Library/Frameworks/IOBluetooth.framework/Versions/A/IOBluetooth
0x000000000e22b000 	/System/Library/PrivateFrameworks/CoreWiFi.framework/Versions/A/CoreWiFi
0x000000000e22b000 	/System/Library/Frameworks/CoreBluetooth.framework/Versions/A/CoreBluetooth
0x000000000e22b000 	/System/Library/Frameworks/CoreDisplay.framework/Versions/A/CoreDisplay
0x000000000e22b000 	/System/Library/PrivateFrameworks/IOPresentment.framework/Versions/A/IOPresentment
0x000000000e22b000 	/System/Library/PrivateFrameworks/DSExternalDisplay.framework/Versions/A/DSExternalDisplay
0x000000000e22b000 	/System/Library/PrivateFrameworks/DebugSymbols.framework/Versions/A/DebugSymbols
0x000000000e22b000 	/System/Library/PrivateFrameworks/CoreSymbolication.framework/Versions/A/CoreSymbolication
0x000000000e22b000 	/System/Library/PrivateFrameworks/Symbolication.framework/Versions/A/Symbolication
0x000000000e22b000 	/System/Library/PrivateFrameworks/AppleFSCompression.framework/Versions/A/AppleFSCompression
0x000000000e22b000 	/System/Library/PrivateFrameworks/SpeechRecognitionCore.framework/Versions/A/SpeechRecognitionCore
0x000000000e22b000 	/System/Library/PrivateFrameworks/ChunkingLibrary.framework/Versions/A/ChunkingLibrary
0x0000000101dde000 	/Library/Java/JavaVirtualMachines/jdk1.8.0_92.jdk/Contents/Home/jre/lib/server/libjvm.dylib
0x000000000e22b000 	/usr/lib/libstdc++.6.dylib
0x0000000102d75000 	/Library/Java/JavaVirtualMachines/jdk1.8.0_92.jdk/Contents/Home/jre/lib/libverify.dylib
0x0000000102d83000 	/Library/Java/JavaVirtualMachines/jdk1.8.0_92.jdk/Contents/Home/jre/lib/libjava.dylib
0x0000000103600000 	/Library/Java/JavaVirtualMachines/jdk1.8.0_92.jdk/Contents/Home/jre/lib/libjdwp.dylib
0x0000000102db9000 	/Library/Java/JavaVirtualMachines/jdk1.8.0_92.jdk/Contents/Home/jre/lib/libnpt.dylib
0x0000000102dc6000 	/Library/Java/JavaVirtualMachines/jdk1.8.0_92.jdk/Contents/Home/jre/lib/libzip.dylib
0x0000000109f85000 	/System/Library/Frameworks/JavaVM.framework/Frameworks/JavaRuntimeSupport.framework/JavaRuntimeSupport
0x0000000109f9f000 	/System/Library/Frameworks/JavaVM.framework/Versions/A/Frameworks/JavaNativeFoundation.framework/Versions/A/JavaNativeFoundation
0x0000000109fb4000 	/System/Library/Frameworks/JavaVM.framework/Versions/A/JavaVM
0x000000000e22b000 	/System/Library/Frameworks/Carbon.framework/Versions/A/Carbon
0x0000000109fc1000 	/System/Library/PrivateFrameworks/JavaLaunching.framework/Versions/A/JavaLaunching
0x000000000e22b000 	/System/Library/Frameworks/Carbon.framework/Versions/A/Frameworks/CommonPanels.framework/Versions/A/CommonPanels
0x000000000e22b000 	/System/Library/Frameworks/Carbon.framework/Versions/A/Frameworks/Help.framework/Versions/A/Help
0x000000000e22b000 	/System/Library/Frameworks/Carbon.framework/Versions/A/Frameworks/ImageCapture.framework/Versions/A/ImageCapture
0x000000000e22b000 	/System/Library/Frameworks/Carbon.framework/Versions/A/Frameworks/OpenScripting.framework/Versions/A/OpenScripting
0x000000000e22b000 	/System/Library/Frameworks/Carbon.framework/Versions/A/Frameworks/Print.framework/Versions/A/Print
0x000000000e22b000 	/System/Library/Frameworks/Carbon.framework/Versions/A/Frameworks/SecurityHI.framework/Versions/A/SecurityHI
0x000000010b8c6000 	/Library/Java/JavaVirtualMachines/jdk1.8.0_92.jdk/Contents/Home/jre/lib/libdt_socket.dylib

VM Arguments:
jvm_args: -agentlib:jdwp=transport=dt_socket,address=127.0.0.1:55121,suspend=y,server=n -Dfile.encoding=UTF-8 
java_command: prep.interview.geeks.ds.heap.MedianInAStream
java_class_path (initial): /Library/Java/JavaVirtualMachines/jdk1.8.0_92.jdk/Contents/Home/lib/ant-javafx.jar:/Library/Java/JavaVirtualMachines/jdk1.8.0_92.jdk/Contents/Home/lib/dt.jar:/Library/Java/JavaVirtualMachines/jdk1.8.0_92.jdk/Contents/Home/lib/javafx-mx.jar:/Library/Java/JavaVirtualMachines/jdk1.8.0_92.jdk/Contents/Home/lib/jconsole.jar:/Library/Java/JavaVirtualMachines/jdk1.8.0_92.jdk/Contents/Home/lib/packager.jar:/Library/Java/JavaVirtualMachines/jdk1.8.0_92.jdk/Contents/Home/lib/sa-jdi.jar:/Library/Java/JavaVirtualMachines/jdk1.8.0_92.jdk/Contents/Home/lib/tools.jar:/Library/Java/JavaVirtualMachines/jdk1.8.0_92.jdk/Contents/Home/jre/lib/charsets.jar:/Library/Java/JavaVirtualMachines/jdk1.8.0_92.jdk/Contents/Home/jre/lib/deploy.jar:/Library/Java/JavaVirtualMachines/jdk1.8.0_92.jdk/Contents/Home/jre/lib/javaws.jar:/Library/Java/JavaVirtualMachines/jdk1.8.0_92.jdk/Contents/Home/jre/lib/jce.jar:/Library/Java/JavaVirtualMachines/jdk1.8.0_92.jdk/Contents/Home/jre/lib/jfr.jar:/Library/Java/JavaVirtualMachines/jdk1.8.0_92.jdk/Contents/Home/jre/lib/jfxswt.jar:/Library/Java/JavaVirtualMachines/jdk1.8.0_92.jdk/Contents/Home/jre/lib/jsse.jar:/Library/Java/JavaVirtualMachines/jdk1.8.0_92.jdk/Contents/Home/jre/lib/management-agent.jar:/Library/Java/JavaVirtualMachines/jdk1.8.0_92.jdk/Contents/Home/jre/lib/plugin.jar:/Library/Java/JavaVirtualMachines/jdk1.8.0_92.jdk/Contents/Home/jre/lib/resources.jar:/Library/Java/JavaVirtualMachines/jdk1.8.0_92.jdk/Contents/Home/jre/lib/rt.jar:/Library/Java/JavaVirtualMachines/jdk1.8.0_92.jdk/Contents/Home/jre/lib/ext/cldrdata.jar:/Library/Java/JavaVirtualMachines/jdk1.8.0_92.jdk/Contents/Home/jre/lib/ext/dnsns.jar:/Library/Java/JavaVirtualMachines/jdk1.8.0_92.jdk/Contents/Home/jre/lib/ext/jaccess.jar:/Library/Java/JavaVirtualMachines/jdk1.8.0_92.jdk/Contents/Home/jre/lib/ext/jfxrt.jar:/Library/Java/JavaVirtualMachines/jdk1.8.0_92.jdk/Contents/Home/jre/lib/ext/localedata.jar:/Library/Java/JavaVirtualMachines/jdk1.8.0_92.jdk/Conten
Launcher Type: SUN_STANDARD

Environment Variables:
PATH=/Users/mukulbudania/anaconda/bin:/usr/local/bin:/usr/bin:/bin:/usr/sbin:/sbin
SHELL=/bin/bash

Signal Handlers:
SIGSEGV: [libjvm.dylib+0x5aa779], sa_mask[0]=11111111011111110111111111111111, sa_flags=SA_ONSTACK|SA_RESTART|SA_SIGINFO
SIGBUS: [libjvm.dylib+0x5aa779], sa_mask[0]=11111111011111110111111111111111, sa_flags=SA_RESTART|SA_SIGINFO
SIGFPE: [libjvm.dylib+0x4831d0], sa_mask[0]=11111111011111110111111111111111, sa_flags=SA_RESTART|SA_SIGINFO
SIGPIPE: [libjvm.dylib+0x4831d0], sa_mask[0]=11111111011111110111111111111111, sa_flags=SA_RESTART|SA_SIGINFO
SIGXFSZ: [libjvm.dylib+0x4831d0], sa_mask[0]=11111111011111110111111111111111, sa_flags=SA_RESTART|SA_SIGINFO
SIGILL: [libjvm.dylib+0x4831d0], sa_mask[0]=11111111011111110111111111111111, sa_flags=SA_RESTART|SA_SIGINFO
SIGUSR1: SIG_DFL, sa_mask[0]=00000000000000000000000000000000, sa_flags=none
SIGUSR2: [libjvm.dylib+0x482cee], sa_mask[0]=00100000000000000000000000000000, sa_flags=SA_RESTART|SA_SIGINFO
SIGHUP: [libjvm.dylib+0x4812c5], sa_mask[0]=11111111011111110111111111111111, sa_flags=SA_RESTART|SA_SIGINFO
SIGINT: [libjvm.dylib+0x4812c5], sa_mask[0]=11111111011111110111111111111111, sa_flags=SA_RESTART|SA_SIGINFO
SIGTERM: [libjvm.dylib+0x4812c5], sa_mask[0]=11111111011111110111111111111111, sa_flags=SA_RESTART|SA_SIGINFO
SIGQUIT: [libjvm.dylib+0x4812c5], sa_mask[0]=11111111011111110111111111111111, sa_flags=SA_RESTART|SA_SIGINFO


---------------  S Y S T E M  ---------------

OS:Bsduname:Darwin 16.7.0 Darwin Kernel Version 16.7.0: Thu Jun 15 17:36:27 PDT 2017; root:xnu-3789.70.16~2/RELEASE_X86_64 x86_64
rlimit: STACK 8192k, CORE 0k, NPROC 709, NOFILE 10240, AS infinity
load average:7.48 7.50 8.40

CPU:total 4 (2 cores per cpu, 2 threads per core) family 6 model 61 stepping 4, cmov, cx8, fxsr, mmx, sse, sse2, sse3, ssse3, sse4.1, sse4.2, popcnt, avx, avx2, aes, clmul, erms, 3dnowpref, lzcnt, ht, tsc, tscinvbit, bmi1, bmi2, adx

Memory: 4k page, physical 8388608k(233352k free)

/proc/meminfo:


vm_info: Java HotSpot(TM) 64-Bit Server VM (25.92-b14) for bsd-amd64 JRE (1.8.0_92-b14), built on Mar 31 2016 21:23:14 by "java_re" with gcc 4.2.1 (Based on Apple Inc. build 5658) (LLVM build 2336.11.00)

time: Fri Jul 28 22:20:34 2017
elapsed time: 57521 seconds (0d 15h 58m 41s)

